This is pdfTeX, Version 3.1415926-2.3-1.40.12 (TeX Live 2011) (format=pdflatex 2011.7.3)  13 DEC 2012 21:25
entering extended mode
 restricted \write18 enabled.
 %&-line parsing enabled.
**report.tex
(./report.tex
LaTeX2e <2009/09/24>
Babel <v3.8l> and hyphenation patterns for english, dumylang, nohyphenation, ge
rman-x-2009-06-19, ngerman-x-2009-06-19, afrikaans, ancientgreek, ibycus, arabi
c, armenian, basque, bulgarian, catalan, pinyin, coptic, croatian, czech, danis
h, dutch, ukenglish, usenglishmax, esperanto, estonian, ethiopic, farsi, finnis
h, french, galician, german, ngerman, swissgerman, monogreek, greek, hungarian,
 icelandic, assamese, bengali, gujarati, hindi, kannada, malayalam, marathi, or
iya, panjabi, tamil, telugu, indonesian, interlingua, irish, italian, kurmanji,
 lao, latin, latvian, lithuanian, mongolian, mongolianlmc, bokmal, nynorsk, pol
ish, portuguese, romanian, russian, sanskrit, serbian, serbianc, slovak, sloven
ian, spanish, swedish, turkish, turkmen, ukrainian, uppersorbian, welsh, loaded
.
(/usr/local/texlive/2011/texmf-dist/tex/latex/base/report.cls
Document Class: report 2007/10/19 v1.4h Standard LaTeX document class
(/usr/local/texlive/2011/texmf-dist/tex/latex/base/size11.clo
File: size11.clo 2007/10/19 v1.4h Standard LaTeX file (size option)
)
\c@part=\count79
\c@chapter=\count80
\c@section=\count81
\c@subsection=\count82
\c@subsubsection=\count83
\c@paragraph=\count84
\c@subparagraph=\count85
\c@figure=\count86
\c@table=\count87
\abovecaptionskip=\skip41
\belowcaptionskip=\skip42
\bibindent=\dimen102
)
(/usr/local/texlive/2011/texmf-dist/tex/latex/base/inputenc.sty
Package: inputenc 2008/03/30 v1.1d Input encoding file
\inpenc@prehook=\toks14
\inpenc@posthook=\toks15

(/usr/local/texlive/2011/texmf-dist/tex/latex/base/utf8.def
File: utf8.def 2008/04/05 v1.1m UTF-8 support for inputenc
Now handling font encoding OML ...
... no UTF-8 mapping file for font encoding OML
Now handling font encoding T1 ...
... processing UTF-8 mapping file for font encoding T1

(/usr/local/texlive/2011/texmf-dist/tex/latex/base/t1enc.dfu
File: t1enc.dfu 2008/04/05 v1.1m UTF-8 support for inputenc
   defining Unicode char U+00A1 (decimal 161)
   defining Unicode char U+00A3 (decimal 163)
   defining Unicode char U+00AB (decimal 171)
   defining Unicode char U+00BB (decimal 187)
   defining Unicode char U+00BF (decimal 191)
   defining Unicode char U+00C0 (decimal 192)
   defining Unicode char U+00C1 (decimal 193)
   defining Unicode char U+00C2 (decimal 194)
   defining Unicode char U+00C3 (decimal 195)
   defining Unicode char U+00C4 (decimal 196)
   defining Unicode char U+00C5 (decimal 197)
   defining Unicode char U+00C6 (decimal 198)
   defining Unicode char U+00C7 (decimal 199)
   defining Unicode char U+00C8 (decimal 200)
   defining Unicode char U+00C9 (decimal 201)
   defining Unicode char U+00CA (decimal 202)
   defining Unicode char U+00CB (decimal 203)
   defining Unicode char U+00CC (decimal 204)
   defining Unicode char U+00CD (decimal 205)
   defining Unicode char U+00CE (decimal 206)
   defining Unicode char U+00CF (decimal 207)
   defining Unicode char U+00D0 (decimal 208)
   defining Unicode char U+00D1 (decimal 209)
   defining Unicode char U+00D2 (decimal 210)
   defining Unicode char U+00D3 (decimal 211)
   defining Unicode char U+00D4 (decimal 212)
   defining Unicode char U+00D5 (decimal 213)
   defining Unicode char U+00D6 (decimal 214)
   defining Unicode char U+00D8 (decimal 216)
   defining Unicode char U+00D9 (decimal 217)
   defining Unicode char U+00DA (decimal 218)
   defining Unicode char U+00DB (decimal 219)
   defining Unicode char U+00DC (decimal 220)
   defining Unicode char U+00DD (decimal 221)
   defining Unicode char U+00DE (decimal 222)
   defining Unicode char U+00DF (decimal 223)
   defining Unicode char U+00E0 (decimal 224)
   defining Unicode char U+00E1 (decimal 225)
   defining Unicode char U+00E2 (decimal 226)
   defining Unicode char U+00E3 (decimal 227)
   defining Unicode char U+00E4 (decimal 228)
   defining Unicode char U+00E5 (decimal 229)
   defining Unicode char U+00E6 (decimal 230)
   defining Unicode char U+00E7 (decimal 231)
   defining Unicode char U+00E8 (decimal 232)
   defining Unicode char U+00E9 (decimal 233)
   defining Unicode char U+00EA (decimal 234)
   defining Unicode char U+00EB (decimal 235)
   defining Unicode char U+00EC (decimal 236)
   defining Unicode char U+00ED (decimal 237)
   defining Unicode char U+00EE (decimal 238)
   defining Unicode char U+00EF (decimal 239)
   defining Unicode char U+00F0 (decimal 240)
   defining Unicode char U+00F1 (decimal 241)
   defining Unicode char U+00F2 (decimal 242)
   defining Unicode char U+00F3 (decimal 243)
   defining Unicode char U+00F4 (decimal 244)
   defining Unicode char U+00F5 (decimal 245)
   defining Unicode char U+00F6 (decimal 246)
   defining Unicode char U+00F8 (decimal 248)
   defining Unicode char U+00F9 (decimal 249)
   defining Unicode char U+00FA (decimal 250)
   defining Unicode char U+00FB (decimal 251)
   defining Unicode char U+00FC (decimal 252)
   defining Unicode char U+00FD (decimal 253)
   defining Unicode char U+00FE (decimal 254)
   defining Unicode char U+00FF (decimal 255)
   defining Unicode char U+0102 (decimal 258)
   defining Unicode char U+0103 (decimal 259)
   defining Unicode char U+0104 (decimal 260)
   defining Unicode char U+0105 (decimal 261)
   defining Unicode char U+0106 (decimal 262)
   defining Unicode char U+0107 (decimal 263)
   defining Unicode char U+010C (decimal 268)
   defining Unicode char U+010D (decimal 269)
   defining Unicode char U+010E (decimal 270)
   defining Unicode char U+010F (decimal 271)
   defining Unicode char U+0110 (decimal 272)
   defining Unicode char U+0111 (decimal 273)
   defining Unicode char U+0118 (decimal 280)
   defining Unicode char U+0119 (decimal 281)
   defining Unicode char U+011A (decimal 282)
   defining Unicode char U+011B (decimal 283)
   defining Unicode char U+011E (decimal 286)
   defining Unicode char U+011F (decimal 287)
   defining Unicode char U+0130 (decimal 304)
   defining Unicode char U+0131 (decimal 305)
   defining Unicode char U+0132 (decimal 306)
   defining Unicode char U+0133 (decimal 307)
   defining Unicode char U+0139 (decimal 313)
   defining Unicode char U+013A (decimal 314)
   defining Unicode char U+013D (decimal 317)
   defining Unicode char U+013E (decimal 318)
   defining Unicode char U+0141 (decimal 321)
   defining Unicode char U+0142 (decimal 322)
   defining Unicode char U+0143 (decimal 323)
   defining Unicode char U+0144 (decimal 324)
   defining Unicode char U+0147 (decimal 327)
   defining Unicode char U+0148 (decimal 328)
   defining Unicode char U+014A (decimal 330)
   defining Unicode char U+014B (decimal 331)
   defining Unicode char U+0150 (decimal 336)
   defining Unicode char U+0151 (decimal 337)
   defining Unicode char U+0152 (decimal 338)
   defining Unicode char U+0153 (decimal 339)
   defining Unicode char U+0154 (decimal 340)
   defining Unicode char U+0155 (decimal 341)
   defining Unicode char U+0158 (decimal 344)
   defining Unicode char U+0159 (decimal 345)
   defining Unicode char U+015A (decimal 346)
   defining Unicode char U+015B (decimal 347)
   defining Unicode char U+015E (decimal 350)
   defining Unicode char U+015F (decimal 351)
   defining Unicode char U+0160 (decimal 352)
   defining Unicode char U+0161 (decimal 353)
   defining Unicode char U+0162 (decimal 354)
   defining Unicode char U+0163 (decimal 355)
   defining Unicode char U+0164 (decimal 356)
   defining Unicode char U+0165 (decimal 357)
   defining Unicode char U+016E (decimal 366)
   defining Unicode char U+016F (decimal 367)
   defining Unicode char U+0170 (decimal 368)
   defining Unicode char U+0171 (decimal 369)
   defining Unicode char U+0178 (decimal 376)
   defining Unicode char U+0179 (decimal 377)
   defining Unicode char U+017A (decimal 378)
   defining Unicode char U+017B (decimal 379)
   defining Unicode char U+017C (decimal 380)
   defining Unicode char U+017D (decimal 381)
   defining Unicode char U+017E (decimal 382)
   defining Unicode char U+200C (decimal 8204)
   defining Unicode char U+2013 (decimal 8211)
   defining Unicode char U+2014 (decimal 8212)
   defining Unicode char U+2018 (decimal 8216)
   defining Unicode char U+2019 (decimal 8217)
   defining Unicode char U+201A (decimal 8218)
   defining Unicode char U+201C (decimal 8220)
   defining Unicode char U+201D (decimal 8221)
   defining Unicode char U+201E (decimal 8222)
   defining Unicode char U+2030 (decimal 8240)
   defining Unicode char U+2031 (decimal 8241)
   defining Unicode char U+2039 (decimal 8249)
   defining Unicode char U+203A (decimal 8250)
   defining Unicode char U+2423 (decimal 9251)
)
Now handling font encoding OT1 ...
... processing UTF-8 mapping file for font encoding OT1

(/usr/local/texlive/2011/texmf-dist/tex/latex/base/ot1enc.dfu
File: ot1enc.dfu 2008/04/05 v1.1m UTF-8 support for inputenc
   defining Unicode char U+00A1 (decimal 161)
   defining Unicode char U+00A3 (decimal 163)
   defining Unicode char U+00B8 (decimal 184)
   defining Unicode char U+00BF (decimal 191)
   defining Unicode char U+00C5 (decimal 197)
   defining Unicode char U+00C6 (decimal 198)
   defining Unicode char U+00D8 (decimal 216)
   defining Unicode char U+00DF (decimal 223)
   defining Unicode char U+00E6 (decimal 230)
   defining Unicode char U+00EC (decimal 236)
   defining Unicode char U+00ED (decimal 237)
   defining Unicode char U+00EE (decimal 238)
   defining Unicode char U+00EF (decimal 239)
   defining Unicode char U+00F8 (decimal 248)
   defining Unicode char U+0131 (decimal 305)
   defining Unicode char U+0141 (decimal 321)
   defining Unicode char U+0142 (decimal 322)
   defining Unicode char U+0152 (decimal 338)
   defining Unicode char U+0153 (decimal 339)
   defining Unicode char U+2013 (decimal 8211)
   defining Unicode char U+2014 (decimal 8212)
   defining Unicode char U+2018 (decimal 8216)
   defining Unicode char U+2019 (decimal 8217)
   defining Unicode char U+201C (decimal 8220)
   defining Unicode char U+201D (decimal 8221)
)
Now handling font encoding OMS ...
... processing UTF-8 mapping file for font encoding OMS

(/usr/local/texlive/2011/texmf-dist/tex/latex/base/omsenc.dfu
File: omsenc.dfu 2008/04/05 v1.1m UTF-8 support for inputenc
   defining Unicode char U+00A7 (decimal 167)
   defining Unicode char U+00B6 (decimal 182)
   defining Unicode char U+00B7 (decimal 183)
   defining Unicode char U+2020 (decimal 8224)
   defining Unicode char U+2021 (decimal 8225)
   defining Unicode char U+2022 (decimal 8226)
)
Now handling font encoding OMX ...
... no UTF-8 mapping file for font encoding OMX
Now handling font encoding U ...
... no UTF-8 mapping file for font encoding U
   defining Unicode char U+00A9 (decimal 169)
   defining Unicode char U+00AA (decimal 170)
   defining Unicode char U+00AE (decimal 174)
   defining Unicode char U+00BA (decimal 186)
   defining Unicode char U+02C6 (decimal 710)
   defining Unicode char U+02DC (decimal 732)
   defining Unicode char U+200C (decimal 8204)
   defining Unicode char U+2026 (decimal 8230)
   defining Unicode char U+2122 (decimal 8482)
   defining Unicode char U+2423 (decimal 9251)
))
(/usr/local/texlive/2011/texmf-dist/tex/latex/float/float.sty
Package: float 2001/11/08 v1.3d Float enhancements (AL)
\c@float@type=\count88
\float@exts=\toks16
\float@box=\box26
\@float@everytoks=\toks17
\@floatcapt=\box27
)
(/usr/local/texlive/2011/texmf-dist/tex/latex/geometry/geometry.sty
Package: geometry 2010/09/12 v5.6 Page Geometry

(/usr/local/texlive/2011/texmf-dist/tex/latex/graphics/keyval.sty
Package: keyval 1999/03/16 v1.13 key=value parser (DPC)
\KV@toks@=\toks18
)
(/usr/local/texlive/2011/texmf-dist/tex/generic/oberdiek/ifpdf.sty
Package: ifpdf 2011/01/30 v2.3 Provides the ifpdf switch (HO)
Package ifpdf Info: pdfTeX in PDF mode is detected.
)
(/usr/local/texlive/2011/texmf-dist/tex/generic/oberdiek/ifvtex.sty
Package: ifvtex 2010/03/01 v1.5 Switches for detecting VTeX and its modes (HO)
Package ifvtex Info: VTeX not detected.
)
(/usr/local/texlive/2011/texmf-dist/tex/generic/ifxetex/ifxetex.sty
Package: ifxetex 2010/09/12 v0.6 Provides ifxetex conditional
)
\Gm@cnth=\count89
\Gm@cntv=\count90
\c@Gm@tempcnt=\count91
\Gm@bindingoffset=\dimen103
\Gm@wd@mp=\dimen104
\Gm@odd@mp=\dimen105
\Gm@even@mp=\dimen106
\Gm@layoutwidth=\dimen107
\Gm@layoutheight=\dimen108
\Gm@layouthoffset=\dimen109
\Gm@layoutvoffset=\dimen110
\Gm@dimlist=\toks19
)
(/usr/local/texlive/2011/texmf-dist/tex/latex/graphics/graphicx.sty
Package: graphicx 1999/02/16 v1.0f Enhanced LaTeX Graphics (DPC,SPQR)

(/usr/local/texlive/2011/texmf-dist/tex/latex/graphics/graphics.sty
Package: graphics 2009/02/05 v1.0o Standard LaTeX Graphics (DPC,SPQR)

(/usr/local/texlive/2011/texmf-dist/tex/latex/graphics/trig.sty
Package: trig 1999/03/16 v1.09 sin cos tan (DPC)
)
(/usr/local/texlive/2011/texmf-dist/tex/latex/latexconfig/graphics.cfg
File: graphics.cfg 2010/04/23 v1.9 graphics configuration of TeX Live
)
Package graphics Info: Driver file: pdftex.def on input line 91.

(/usr/local/texlive/2011/texmf-dist/tex/latex/pdftex-def/pdftex.def
File: pdftex.def 2011/05/27 v0.06d Graphics/color for pdfTeX

(/usr/local/texlive/2011/texmf-dist/tex/generic/oberdiek/infwarerr.sty
Package: infwarerr 2010/04/08 v1.3 Providing info/warning/message (HO)
)
(/usr/local/texlive/2011/texmf-dist/tex/generic/oberdiek/ltxcmds.sty
Package: ltxcmds 2011/04/18 v1.20 LaTeX kernel commands for general use (HO)
)
\Gread@gobject=\count92
))
\Gin@req@height=\dimen111
\Gin@req@width=\dimen112
)
(/usr/local/texlive/2011/texmf-dist/tex/latex/booktabs/booktabs.sty
Package: booktabs 2005/04/14 v1.61803 publication quality tables
\heavyrulewidth=\dimen113
\lightrulewidth=\dimen114
\cmidrulewidth=\dimen115
\belowrulesep=\dimen116
\belowbottomsep=\dimen117
\aboverulesep=\dimen118
\abovetopsep=\dimen119
\cmidrulesep=\dimen120
\cmidrulekern=\dimen121
\defaultaddspace=\dimen122
\@cmidla=\count93
\@cmidlb=\count94
\@aboverulesep=\dimen123
\@belowrulesep=\dimen124
\@thisruleclass=\count95
\@lastruleclass=\count96
\@thisrulewidth=\dimen125
)
(/usr/local/texlive/2011/texmf-dist/tex/latex/tools/array.sty
Package: array 2008/09/09 v2.4c Tabular extension package (FMi)
\col@sep=\dimen126
\extrarowheight=\dimen127
\NC@list=\toks20
\extratabsurround=\skip43
\backup@length=\skip44
)
(/usr/local/texlive/2011/texmf-dist/tex/latex/paralist/paralist.sty
Package: paralist 2002/03/18 v2.3b Extended list environments (BS)
\pltopsep=\skip45
\plpartopsep=\skip46
\plitemsep=\skip47
\plparsep=\skip48
\pl@lab=\toks21
)
(/usr/local/texlive/2011/texmf-dist/tex/latex/tools/verbatim.sty
Package: verbatim 2003/08/22 v1.5q LaTeX2e package for verbatim enhancements
\every@verbatim=\toks22
\verbatim@line=\toks23
\verbatim@in@stream=\read1
)
(/usr/local/texlive/2011/texmf-dist/tex/latex/subfig/subfig.sty
Package: subfig 2005/06/28 ver: 1.3 subfig package

(/usr/local/texlive/2011/texmf-dist/tex/latex/caption/caption.sty
Package: caption 2010/01/09 v3.1m Customizing captions (AR)

(/usr/local/texlive/2011/texmf-dist/tex/latex/caption/caption3.sty
Package: caption3 2010/01/14 v3.1m caption3 kernel (AR)
\captionmargin=\dimen128
\captionmargin@=\dimen129
\captionwidth=\dimen130
\caption@indent=\dimen131
\caption@parindent=\dimen132
\caption@hangindent=\dimen133
)
\c@ContinuedFloat=\count97
Package caption Info: float package is loaded.
)
\c@KVtest=\count98
\sf@farskip=\skip49
\sf@captopadj=\dimen134
\sf@capskip=\skip50
\sf@nearskip=\skip51
\c@subfigure=\count99
\c@subfigure@save=\count100
\c@lofdepth=\count101
\c@subtable=\count102
\c@subtable@save=\count103
\c@lotdepth=\count104
\sf@top=\skip52
\sf@bottom=\skip53
)
(/usr/local/texlive/2011/texmf-dist/tex/latex/fancyhdr/fancyhdr.sty
\fancy@headwidth=\skip54
\f@ncyO@elh=\skip55
\f@ncyO@erh=\skip56
\f@ncyO@olh=\skip57
\f@ncyO@orh=\skip58
\f@ncyO@elf=\skip59
\f@ncyO@erf=\skip60
\f@ncyO@olf=\skip61
\f@ncyO@orf=\skip62
)
(/usr/local/texlive/2011/texmf-dist/tex/latex/sectsty/sectsty.sty
Package: sectsty 2002/02/25 v2.0.2 Commands to change all sectional heading sty
les
)
(/usr/local/texlive/2011/texmf-dist/tex/latex/tocbibind/tocbibind.sty
Package: tocbibind 2010/10/13 v1.5k extra ToC listings
Package tocbibind Info: The document has chapter divisions on input line 50.


Package tocbibind Note: Using chapter style headings, unless overridden.

) (/usr/local/texlive/2011/texmf-dist/tex/latex/tocloft/tocloft.sty
Package: tocloft 2010/10/13 v2.3e parameterised ToC, etc., typesetting
Package tocloft Info: The document has chapter divisions on input line 43.
\cftparskip=\skip63
\cftbeforetoctitleskip=\skip64
\cftaftertoctitleskip=\skip65
\cftbeforepartskip=\skip66
\cftpartnumwidth=\skip67
\cftpartindent=\skip68
\cftbeforechapskip=\skip69
\cftchapindent=\skip70
\cftchapnumwidth=\skip71
\cftbeforesecskip=\skip72
\cftsecindent=\skip73
\cftsecnumwidth=\skip74
\cftbeforesubsecskip=\skip75
\cftsubsecindent=\skip76
\cftsubsecnumwidth=\skip77
\cftbeforesubsubsecskip=\skip78
\cftsubsubsecindent=\skip79
\cftsubsubsecnumwidth=\skip80
\cftbeforeparaskip=\skip81
\cftparaindent=\skip82
\cftparanumwidth=\skip83
\cftbeforesubparaskip=\skip84
\cftsubparaindent=\skip85
\cftsubparanumwidth=\skip86
\cftbeforeloftitleskip=\skip87
\cftafterloftitleskip=\skip88
\cftbeforefigskip=\skip89
\cftfigindent=\skip90
\cftfignumwidth=\skip91
\cftbeforelottitleskip=\skip92
\cftafterlottitleskip=\skip93
\cftbeforetabskip=\skip94
\cfttabindent=\skip95
\cfttabnumwidth=\skip96
\cftbeforesubfigskip=\skip97
\cftsubfigindent=\skip98
\cftsubfignumwidth=\skip99
\cftbeforesubtabskip=\skip100
\cftsubtabindent=\skip101
\cftsubtabnumwidth=\skip102
)
(/usr/local/texlive/2011/texmf-dist/tex/latex/graphics/color.sty
Package: color 2005/11/14 v1.0j Standard LaTeX Color (DPC)

(/usr/local/texlive/2011/texmf-dist/tex/latex/latexconfig/color.cfg
File: color.cfg 2007/01/18 v1.5 color configuration of teTeX/TeXLive
)
Package color Info: Driver file: pdftex.def on input line 130.
)
(/usr/local/texlive/2011/texmf-dist/tex/latex/listings/listings.sty
\lst@mode=\count105
\lst@gtempboxa=\box28
\lst@token=\toks24
\lst@length=\count106
\lst@currlwidth=\dimen135
\lst@column=\count107
\lst@pos=\count108
\lst@lostspace=\dimen136
\lst@width=\dimen137
\lst@newlines=\count109
\lst@lineno=\count110
\lst@maxwidth=\dimen138

(/usr/local/texlive/2011/texmf-dist/tex/latex/listings/lstmisc.sty
File: lstmisc.sty 2007/02/22 1.4 (Carsten Heinz)
\c@lstnumber=\count111
\lst@skipnumbers=\count112
\lst@framebox=\box29
)
(/usr/local/texlive/2011/texmf-dist/tex/latex/listings/listings.cfg
File: listings.cfg 2007/02/22 1.4 listings configuration
))
Package: listings 2007/02/22 1.4 (Carsten Heinz)

(/usr/local/texlive/2011/texmf-dist/tex/latex/listings/lstlang1.sty
File: lstlang1.sty 2004/09/05 1.3 listings language file
)
(/usr/local/texlive/2011/texmf-dist/tex/latex/parskip/parskip.sty
Package: parskip 2001/04/09 non-zero parskip adjustments
)
(/usr/local/texlive/2011/texmf-dist/tex/latex/mh/mathtools.sty
Package: mathtools 2011/02/12 v1.10 mathematical typesetting tools

(/usr/local/texlive/2011/texmf-dist/tex/latex/tools/calc.sty
Package: calc 2007/08/22 v4.3 Infix arithmetic (KKT,FJ)
\calc@Acount=\count113
\calc@Bcount=\count114
\calc@Adimen=\dimen139
\calc@Bdimen=\dimen140
\calc@Askip=\skip103
\calc@Bskip=\skip104
LaTeX Info: Redefining \setlength on input line 76.
LaTeX Info: Redefining \addtolength on input line 77.
\calc@Ccount=\count115
\calc@Cskip=\skip105
)
(/usr/local/texlive/2011/texmf-dist/tex/latex/mh/mhsetup.sty
Package: mhsetup 2010/01/21 v1.2a programming setup (MH)
)
(/usr/local/texlive/2011/texmf-dist/tex/latex/amsmath/amsmath.sty
Package: amsmath 2000/07/18 v2.13 AMS math features
\@mathmargin=\skip106

For additional information on amsmath, use the `?' option.
(/usr/local/texlive/2011/texmf-dist/tex/latex/amsmath/amstext.sty
Package: amstext 2000/06/29 v2.01

(/usr/local/texlive/2011/texmf-dist/tex/latex/amsmath/amsgen.sty
File: amsgen.sty 1999/11/30 v2.0
\@emptytoks=\toks25
\ex@=\dimen141
))
(/usr/local/texlive/2011/texmf-dist/tex/latex/amsmath/amsbsy.sty
Package: amsbsy 1999/11/29 v1.2d
\pmbraise@=\dimen142
)
(/usr/local/texlive/2011/texmf-dist/tex/latex/amsmath/amsopn.sty
Package: amsopn 1999/12/14 v2.01 operator names
)
\inf@bad=\count116
LaTeX Info: Redefining \frac on input line 211.
\uproot@=\count117
\leftroot@=\count118
LaTeX Info: Redefining \overline on input line 307.
\classnum@=\count119
\DOTSCASE@=\count120
LaTeX Info: Redefining \ldots on input line 379.
LaTeX Info: Redefining \dots on input line 382.
LaTeX Info: Redefining \cdots on input line 467.
\Mathstrutbox@=\box30
\strutbox@=\box31
\big@size=\dimen143
LaTeX Font Info:    Redeclaring font encoding OML on input line 567.
LaTeX Font Info:    Redeclaring font encoding OMS on input line 568.
\macc@depth=\count121
\c@MaxMatrixCols=\count122
\dotsspace@=\muskip10
\c@parentequation=\count123
\dspbrk@lvl=\count124
\tag@help=\toks26
\row@=\count125
\column@=\count126
\maxfields@=\count127
\andhelp@=\toks27
\eqnshift@=\dimen144
\alignsep@=\dimen145
\tagshift@=\dimen146
\tagwidth@=\dimen147
\totwidth@=\dimen148
\lineht@=\dimen149
\@envbody=\toks28
\multlinegap=\skip107
\multlinetaggap=\skip108
\mathdisplay@stack=\toks29
LaTeX Info: Redefining \[ on input line 2666.
LaTeX Info: Redefining \] on input line 2667.
)
\g_MT_multlinerow_int=\count128
\l_MT_multwidth_dim=\dimen150
\origjot=\skip109
\l_MT_shortvdotswithinadjustabove_dim=\dimen151
\l_MT_shortvdotswithinadjustbelow_dim=\dimen152
)
(/usr/local/texlive/2011/texmf-dist/tex/generic/babel/babel.sty
Package: babel 2008/07/06 v3.8l The Babel package

(/usr/local/texlive/2011/texmf-dist/tex/generic/babel/english.ldf
Language: english 2005/03/30 v3.3o English support from the babel system

(/usr/local/texlive/2011/texmf-dist/tex/generic/babel/babel.def
File: babel.def 2008/07/06 v3.8l Babel common definitions
\babel@savecnt=\count129
\U@D=\dimen153
)
\l@canadian = a dialect from \language\l@american 
\l@australian = a dialect from \language\l@british 
\l@newzealand = a dialect from \language\l@british 
))
(/usr/local/texlive/2011/texmf-dist/tex/latex/pgf/frontendlayer/tikz.sty
(/usr/local/texlive/2011/texmf-dist/tex/latex/pgf/basiclayer/pgf.sty
(/usr/local/texlive/2011/texmf-dist/tex/latex/pgf/utilities/pgfrcs.sty
(/usr/local/texlive/2011/texmf-dist/tex/generic/pgf/utilities/pgfutil-common.te
x
\pgfutil@everybye=\toks30
)
(/usr/local/texlive/2011/texmf-dist/tex/generic/pgf/utilities/pgfutil-latex.def
\pgfutil@abb=\box32
(/usr/local/texlive/2011/texmf-dist/tex/latex/ms/everyshi.sty
Package: everyshi 2001/05/15 v3.00 EveryShipout Package (MS)
))
(/usr/local/texlive/2011/texmf-dist/tex/generic/pgf/utilities/pgfrcs.code.tex
Package: pgfrcs 2010/10/25 v2.10 (rcs-revision 1.24)
))
Package: pgf 2008/01/15 v2.10 (rcs-revision 1.12)
(/usr/local/texlive/2011/texmf-dist/tex/latex/pgf/basiclayer/pgfcore.sty
(/usr/local/texlive/2011/texmf-dist/tex/latex/pgf/systemlayer/pgfsys.sty
(/usr/local/texlive/2011/texmf-dist/tex/generic/pgf/systemlayer/pgfsys.code.tex
Package: pgfsys 2010/06/30 v2.10 (rcs-revision 1.37)
(/usr/local/texlive/2011/texmf-dist/tex/generic/pgf/utilities/pgfkeys.code.tex
\pgfkeys@pathtoks=\toks31
\pgfkeys@temptoks=\toks32

(/usr/local/texlive/2011/texmf-dist/tex/generic/pgf/utilities/pgfkeysfiltered.c
ode.tex
\pgfkeys@tmptoks=\toks33
))
\pgf@x=\dimen154
\pgf@y=\dimen155
\pgf@xa=\dimen156
\pgf@ya=\dimen157
\pgf@xb=\dimen158
\pgf@yb=\dimen159
\pgf@xc=\dimen160
\pgf@yc=\dimen161
\w@pgf@writea=\write3
\r@pgf@reada=\read2
\c@pgf@counta=\count130
\c@pgf@countb=\count131
\c@pgf@countc=\count132
\c@pgf@countd=\count133

(/usr/local/texlive/2011/texmf-dist/tex/generic/pgf/systemlayer/pgf.cfg
File: pgf.cfg 2008/05/14  (rcs-revision 1.7)
)
Package pgfsys Info: Driver file for pgf: pgfsys-pdftex.def on input line 900.

(/usr/local/texlive/2011/texmf-dist/tex/generic/pgf/systemlayer/pgfsys-pdftex.d
ef
File: pgfsys-pdftex.def 2009/05/22  (rcs-revision 1.26)

(/usr/local/texlive/2011/texmf-dist/tex/generic/pgf/systemlayer/pgfsys-common-p
df.def
File: pgfsys-common-pdf.def 2008/05/19  (rcs-revision 1.10)
)))
(/usr/local/texlive/2011/texmf-dist/tex/generic/pgf/systemlayer/pgfsyssoftpath.
code.tex
File: pgfsyssoftpath.code.tex 2008/07/18  (rcs-revision 1.7)
\pgfsyssoftpath@smallbuffer@items=\count134
\pgfsyssoftpath@bigbuffer@items=\count135
)
(/usr/local/texlive/2011/texmf-dist/tex/generic/pgf/systemlayer/pgfsysprotocol.
code.tex
File: pgfsysprotocol.code.tex 2006/10/16  (rcs-revision 1.4)
)) (/usr/local/texlive/2011/texmf-dist/tex/latex/xcolor/xcolor.sty
Package: xcolor 2007/01/21 v2.11 LaTeX color extensions (UK)

(/usr/local/texlive/2011/texmf-dist/tex/latex/latexconfig/color.cfg
File: color.cfg 2007/01/18 v1.5 color configuration of teTeX/TeXLive
)
Package xcolor Info: Driver file: pdftex.def on input line 225.
LaTeX Info: Redefining \color on input line 702.
Package xcolor Info: Model `cmy' substituted by `cmy0' on input line 1337.
Package xcolor Info: Model `hsb' substituted by `rgb' on input line 1341.
Package xcolor Info: Model `RGB' extended on input line 1353.
Package xcolor Info: Model `HTML' substituted by `rgb' on input line 1355.
Package xcolor Info: Model `Hsb' substituted by `hsb' on input line 1356.
Package xcolor Info: Model `tHsb' substituted by `hsb' on input line 1357.
Package xcolor Info: Model `HSB' substituted by `hsb' on input line 1358.
Package xcolor Info: Model `Gray' substituted by `gray' on input line 1359.
Package xcolor Info: Model `wave' substituted by `hsb' on input line 1360.
)
(/usr/local/texlive/2011/texmf-dist/tex/generic/pgf/basiclayer/pgfcore.code.tex
Package: pgfcore 2010/04/11 v2.10 (rcs-revision 1.7)
(/usr/local/texlive/2011/texmf-dist/tex/generic/pgf/math/pgfmath.code.tex
(/usr/local/texlive/2011/texmf-dist/tex/generic/pgf/math/pgfmathcalc.code.tex
(/usr/local/texlive/2011/texmf-dist/tex/generic/pgf/math/pgfmathutil.code.tex)
(/usr/local/texlive/2011/texmf-dist/tex/generic/pgf/math/pgfmathparser.code.tex
\pgfmath@dimen=\dimen162
\pgfmath@count=\count136
\pgfmath@box=\box33
\pgfmath@toks=\toks34
\pgfmath@stack@operand=\toks35
\pgfmath@stack@operation=\toks36
)
(/usr/local/texlive/2011/texmf-dist/tex/generic/pgf/math/pgfmathfunctions.code.
tex
(/usr/local/texlive/2011/texmf-dist/tex/generic/pgf/math/pgfmathfunctions.basic
.code.tex)
(/usr/local/texlive/2011/texmf-dist/tex/generic/pgf/math/pgfmathfunctions.trigo
nometric.code.tex)
(/usr/local/texlive/2011/texmf-dist/tex/generic/pgf/math/pgfmathfunctions.rando
m.code.tex)
(/usr/local/texlive/2011/texmf-dist/tex/generic/pgf/math/pgfmathfunctions.compa
rison.code.tex)
(/usr/local/texlive/2011/texmf-dist/tex/generic/pgf/math/pgfmathfunctions.base.
code.tex)
(/usr/local/texlive/2011/texmf-dist/tex/generic/pgf/math/pgfmathfunctions.round
.code.tex)
(/usr/local/texlive/2011/texmf-dist/tex/generic/pgf/math/pgfmathfunctions.misc.
code.tex)))
(/usr/local/texlive/2011/texmf-dist/tex/generic/pgf/math/pgfmathfloat.code.tex
\c@pgfmathroundto@lastzeros=\count137
))
(/usr/local/texlive/2011/texmf-dist/tex/generic/pgf/basiclayer/pgfcorepoints.co
de.tex
File: pgfcorepoints.code.tex 2010/04/09  (rcs-revision 1.20)
\pgf@picminx=\dimen163
\pgf@picmaxx=\dimen164
\pgf@picminy=\dimen165
\pgf@picmaxy=\dimen166
\pgf@pathminx=\dimen167
\pgf@pathmaxx=\dimen168
\pgf@pathminy=\dimen169
\pgf@pathmaxy=\dimen170
\pgf@xx=\dimen171
\pgf@xy=\dimen172
\pgf@yx=\dimen173
\pgf@yy=\dimen174
\pgf@zx=\dimen175
\pgf@zy=\dimen176
)
(/usr/local/texlive/2011/texmf-dist/tex/generic/pgf/basiclayer/pgfcorepathconst
ruct.code.tex
File: pgfcorepathconstruct.code.tex 2010/08/03  (rcs-revision 1.24)
\pgf@path@lastx=\dimen177
\pgf@path@lasty=\dimen178
)
(/usr/local/texlive/2011/texmf-dist/tex/generic/pgf/basiclayer/pgfcorepathusage
.code.tex
File: pgfcorepathusage.code.tex 2008/04/22  (rcs-revision 1.12)
\pgf@shorten@end@additional=\dimen179
\pgf@shorten@start@additional=\dimen180
)
(/usr/local/texlive/2011/texmf-dist/tex/generic/pgf/basiclayer/pgfcorescopes.co
de.tex
File: pgfcorescopes.code.tex 2010/09/08  (rcs-revision 1.34)
\pgfpic=\box34
\pgf@hbox=\box35
\pgf@layerbox@main=\box36
\pgf@picture@serial@count=\count138
)
(/usr/local/texlive/2011/texmf-dist/tex/generic/pgf/basiclayer/pgfcoregraphicst
ate.code.tex
File: pgfcoregraphicstate.code.tex 2008/04/22  (rcs-revision 1.9)
\pgflinewidth=\dimen181
)
(/usr/local/texlive/2011/texmf-dist/tex/generic/pgf/basiclayer/pgfcoretransform
ations.code.tex
File: pgfcoretransformations.code.tex 2009/06/10  (rcs-revision 1.11)
\pgf@pt@x=\dimen182
\pgf@pt@y=\dimen183
\pgf@pt@temp=\dimen184
)
(/usr/local/texlive/2011/texmf-dist/tex/generic/pgf/basiclayer/pgfcorequick.cod
e.tex
File: pgfcorequick.code.tex 2008/10/09  (rcs-revision 1.3)
)
(/usr/local/texlive/2011/texmf-dist/tex/generic/pgf/basiclayer/pgfcoreobjects.c
ode.tex
File: pgfcoreobjects.code.tex 2006/10/11  (rcs-revision 1.2)
)
(/usr/local/texlive/2011/texmf-dist/tex/generic/pgf/basiclayer/pgfcorepathproce
ssing.code.tex
File: pgfcorepathprocessing.code.tex 2008/10/09  (rcs-revision 1.8)
)
(/usr/local/texlive/2011/texmf-dist/tex/generic/pgf/basiclayer/pgfcorearrows.co
de.tex
File: pgfcorearrows.code.tex 2008/04/23  (rcs-revision 1.11)
)
(/usr/local/texlive/2011/texmf-dist/tex/generic/pgf/basiclayer/pgfcoreshade.cod
e.tex
File: pgfcoreshade.code.tex 2008/11/23  (rcs-revision 1.13)
\pgf@max=\dimen185
\pgf@sys@shading@range@num=\count139
)
(/usr/local/texlive/2011/texmf-dist/tex/generic/pgf/basiclayer/pgfcoreimage.cod
e.tex
File: pgfcoreimage.code.tex 2010/03/25  (rcs-revision 1.16)

(/usr/local/texlive/2011/texmf-dist/tex/generic/pgf/basiclayer/pgfcoreexternal.
code.tex
File: pgfcoreexternal.code.tex 2010/09/01  (rcs-revision 1.17)
\pgfexternal@startupbox=\box37
))
(/usr/local/texlive/2011/texmf-dist/tex/generic/pgf/basiclayer/pgfcorelayers.co
de.tex
File: pgfcorelayers.code.tex 2010/08/27  (rcs-revision 1.2)
)
(/usr/local/texlive/2011/texmf-dist/tex/generic/pgf/basiclayer/pgfcoretranspare
ncy.code.tex
File: pgfcoretransparency.code.tex 2008/01/17  (rcs-revision 1.2)
)
(/usr/local/texlive/2011/texmf-dist/tex/generic/pgf/basiclayer/pgfcorepatterns.
code.tex
File: pgfcorepatterns.code.tex 2009/07/02  (rcs-revision 1.3)
)))
(/usr/local/texlive/2011/texmf-dist/tex/generic/pgf/modules/pgfmoduleshapes.cod
e.tex
File: pgfmoduleshapes.code.tex 2010/09/09  (rcs-revision 1.13)
\pgfnodeparttextbox=\box38
)
(/usr/local/texlive/2011/texmf-dist/tex/generic/pgf/modules/pgfmoduleplot.code.
tex
File: pgfmoduleplot.code.tex 2010/10/22  (rcs-revision 1.8)
)
(/usr/local/texlive/2011/texmf-dist/tex/latex/pgf/compatibility/pgfcomp-version
-0-65.sty
Package: pgfcomp-version-0-65 2007/07/03 v2.10 (rcs-revision 1.7)
\pgf@nodesepstart=\dimen186
\pgf@nodesepend=\dimen187
)
(/usr/local/texlive/2011/texmf-dist/tex/latex/pgf/compatibility/pgfcomp-version
-1-18.sty
Package: pgfcomp-version-1-18 2007/07/23 v2.10 (rcs-revision 1.1)
))
(/usr/local/texlive/2011/texmf-dist/tex/latex/pgf/utilities/pgffor.sty
(/usr/local/texlive/2011/texmf-dist/tex/latex/pgf/utilities/pgfkeys.sty
(/usr/local/texlive/2011/texmf-dist/tex/generic/pgf/utilities/pgfkeys.code.tex)
) (/usr/local/texlive/2011/texmf-dist/tex/generic/pgf/utilities/pgffor.code.tex
Package: pgffor 2010/03/23 v2.10 (rcs-revision 1.18)
\pgffor@iter=\dimen188
\pgffor@skip=\dimen189
\pgffor@stack=\toks37
\pgffor@toks=\toks38
))
(/usr/local/texlive/2011/texmf-dist/tex/generic/pgf/frontendlayer/tikz/tikz.cod
e.tex
Package: tikz 2010/10/13 v2.10 (rcs-revision 1.76)

(/usr/local/texlive/2011/texmf-dist/tex/generic/pgf/libraries/pgflibraryplothan
dlers.code.tex
File: pgflibraryplothandlers.code.tex 2010/05/31 v2.10 (rcs-revision 1.15)
\pgf@plot@mark@count=\count140
\pgfplotmarksize=\dimen190
)
\tikz@lastx=\dimen191
\tikz@lasty=\dimen192
\tikz@lastxsaved=\dimen193
\tikz@lastysaved=\dimen194
\tikzleveldistance=\dimen195
\tikzsiblingdistance=\dimen196
\tikz@figbox=\box39
\tikz@tempbox=\box40
\tikztreelevel=\count141
\tikznumberofchildren=\count142
\tikznumberofcurrentchild=\count143
\tikz@fig@count=\count144

(/usr/local/texlive/2011/texmf-dist/tex/generic/pgf/modules/pgfmodulematrix.cod
e.tex
File: pgfmodulematrix.code.tex 2010/08/24  (rcs-revision 1.4)
\pgfmatrixcurrentrow=\count145
\pgfmatrixcurrentcolumn=\count146
\pgf@matrix@numberofcolumns=\count147
)
\tikz@expandcount=\count148

(/usr/local/texlive/2011/texmf-dist/tex/generic/pgf/frontendlayer/tikz/librarie
s/tikzlibrarytopaths.code.tex
File: tikzlibrarytopaths.code.tex 2008/06/17 v2.10 (rcs-revision 1.2)
)))
(/usr/local/texlive/2011/texmf-dist/tex/generic/pgf/frontendlayer/tikz/librarie
s/tikzlibrarypositioning.code.tex
File: tikzlibrarypositioning.code.tex 2008/10/06 v2.10 (rcs-revision 1.7)
)
(/usr/local/texlive/2011/texmf-dist/tex/generic/pgf/frontendlayer/tikz/librarie
s/tikzlibraryshapes.code.tex
File: tikzlibraryshapes.code.tex 2008/01/09 v2.10 (rcs-revision 1.1)

(/usr/local/texlive/2011/texmf-dist/tex/generic/pgf/frontendlayer/tikz/librarie
s/tikzlibraryshapes.geometric.code.tex
File: tikzlibraryshapes.geometric.code.tex 2008/01/09 v2.10 (rcs-revision 1.1)

(/usr/local/texlive/2011/texmf-dist/tex/generic/pgf/libraries/shapes/pgflibrary
shapes.geometric.code.tex
File: pgflibraryshapes.geometric.code.tex 2008/06/26 v2.10 (rcs-revision 1.1)
))
(/usr/local/texlive/2011/texmf-dist/tex/generic/pgf/frontendlayer/tikz/librarie
s/tikzlibraryshapes.misc.code.tex
File: tikzlibraryshapes.misc.code.tex 2008/01/09 v2.10 (rcs-revision 1.1)

(/usr/local/texlive/2011/texmf-dist/tex/generic/pgf/libraries/shapes/pgflibrary
shapes.misc.code.tex
File: pgflibraryshapes.misc.code.tex 2008/10/07 v2.10 (rcs-revision 1.3)
))
(/usr/local/texlive/2011/texmf-dist/tex/generic/pgf/frontendlayer/tikz/librarie
s/tikzlibraryshapes.symbols.code.tex
File: tikzlibraryshapes.symbols.code.tex 2008/01/09 v2.10 (rcs-revision 1.1)

(/usr/local/texlive/2011/texmf-dist/tex/generic/pgf/libraries/shapes/pgflibrary
shapes.symbols.code.tex
File: pgflibraryshapes.symbols.code.tex 2009/10/27 v2.10 (rcs-revision 1.3)
))
(/usr/local/texlive/2011/texmf-dist/tex/generic/pgf/frontendlayer/tikz/librarie
s/tikzlibraryshapes.arrows.code.tex
File: tikzlibraryshapes.arrows.code.tex 2008/01/09 v2.10 (rcs-revision 1.1)

(/usr/local/texlive/2011/texmf-dist/tex/generic/pgf/libraries/shapes/pgflibrary
shapes.arrows.code.tex
File: pgflibraryshapes.arrows.code.tex 2008/06/26 v2.10 (rcs-revision 1.1)
))
(/usr/local/texlive/2011/texmf-dist/tex/generic/pgf/frontendlayer/tikz/librarie
s/tikzlibraryshapes.callouts.code.tex
(/usr/local/texlive/2011/texmf-dist/tex/generic/pgf/libraries/shapes/pgflibrary
shapes.callouts.code.tex))
(/usr/local/texlive/2011/texmf-dist/tex/generic/pgf/frontendlayer/tikz/librarie
s/tikzlibraryshapes.multipart.code.tex
File: tikzlibraryshapes.multipart.code.tex 2008/01/09 v2.10 (rcs-revision 1.1)

(/usr/local/texlive/2011/texmf-dist/tex/generic/pgf/libraries/shapes/pgflibrary
shapes.multipart.code.tex
File: pgflibraryshapes.multipart.code.tex 2010/01/07 v2.10 (rcs-revision 1.2)
\pgfnodepartlowerbox=\box41
\pgfnodeparttwobox=\box42
\pgfnodepartthreebox=\box43
\pgfnodepartfourbox=\box44
\pgfnodeparttwentybox=\box45
\pgfnodepartnineteenbox=\box46
\pgfnodeparteighteenbox=\box47
\pgfnodepartseventeenbox=\box48
\pgfnodepartsixteenbox=\box49
\pgfnodepartfifteenbox=\box50
\pgfnodepartfourteenbox=\box51
\pgfnodepartthirteenbox=\box52
\pgfnodeparttwelvebox=\box53
\pgfnodepartelevenbox=\box54
\pgfnodeparttenbox=\box55
\pgfnodepartninebox=\box56
\pgfnodeparteightbox=\box57
\pgfnodepartsevenbox=\box58
\pgfnodepartsixbox=\box59
\pgfnodepartfivebox=\box60
)))
(/usr/local/texlive/2011/texmf-dist/tex/generic/pgf/frontendlayer/tikz/librarie
s/tikzlibraryarrows.code.tex
File: tikzlibraryarrows.code.tex 2008/01/09 v2.10 (rcs-revision 1.1)

(/usr/local/texlive/2011/texmf-dist/tex/generic/pgf/libraries/pgflibraryarrows.
code.tex
File: pgflibraryarrows.code.tex 2008/10/27 v2.10 (rcs-revision 1.9)
\arrowsize=\dimen197
)) (./report.aux)
\openout1 = `report.aux'.

LaTeX Font Info:    Checking defaults for OML/cmm/m/it on input line 109.
LaTeX Font Info:    ... okay on input line 109.
LaTeX Font Info:    Checking defaults for T1/cmr/m/n on input line 109.
LaTeX Font Info:    ... okay on input line 109.
LaTeX Font Info:    Checking defaults for OT1/cmr/m/n on input line 109.
LaTeX Font Info:    ... okay on input line 109.
LaTeX Font Info:    Checking defaults for OMS/cmsy/m/n on input line 109.
LaTeX Font Info:    ... okay on input line 109.
LaTeX Font Info:    Checking defaults for OMX/cmex/m/n on input line 109.
LaTeX Font Info:    ... okay on input line 109.
LaTeX Font Info:    Checking defaults for U/cmr/m/n on input line 109.
LaTeX Font Info:    ... okay on input line 109.

*geometry* driver: auto-detecting
*geometry* detected driver: pdftex
*geometry* verbose mode - [ preamble ] result:
* driver: pdftex
* paper: a4paper
* layout: <same size as paper>
* layoutoffset:(h,v)=(0.0pt,0.0pt)
* modes: 
* h-part:(L,W,R)=(89.62709pt, 418.25368pt, 89.6271pt)
* v-part:(T,H,B)=(101.40665pt, 591.5302pt, 152.11pt)
* \paperwidth=597.50787pt
* \paperheight=845.04684pt
* \textwidth=418.25368pt
* \textheight=591.5302pt
* \oddsidemargin=17.3571pt
* \evensidemargin=17.3571pt
* \topmargin=-7.86334pt
* \headheight=12.0pt
* \headsep=25.0pt
* \topskip=11.0pt
* \footskip=30.0pt
* \marginparwidth=59.0pt
* \marginparsep=10.0pt
* \columnsep=10.0pt
* \skip\footins=10.0pt plus 4.0pt minus 2.0pt
* \hoffset=0.0pt
* \voffset=0.0pt
* \mag=1000
* \@twocolumnfalse
* \@twosidefalse
* \@mparswitchfalse
* \@reversemarginfalse
* (1in=72.27pt=25.4mm, 1cm=28.453pt)

(/usr/local/texlive/2011/texmf-dist/tex/context/base/supp-pdf.mkii
[Loading MPS to PDF converter (version 2006.09.02).]
\scratchcounter=\count149
\scratchdimen=\dimen198
\scratchbox=\box61
\nofMPsegments=\count150
\nofMParguments=\count151
\everyMPshowfont=\toks39
\MPscratchCnt=\count152
\MPscratchDim=\dimen199
\MPnumerator=\count153
\makeMPintoPDFobject=\count154
\everyMPtoPDFconversion=\toks40
) (/usr/local/texlive/2011/texmf-dist/tex/generic/oberdiek/pdftexcmds.sty
Package: pdftexcmds 2011/04/22 v0.16 Utilities of pdfTeX for LuaTeX (HO)

(/usr/local/texlive/2011/texmf-dist/tex/generic/oberdiek/ifluatex.sty
Package: ifluatex 2010/03/01 v1.3 Provides the ifluatex switch (HO)
Package ifluatex Info: LuaTeX not detected.
)
Package pdftexcmds Info: LuaTeX not detected.
Package pdftexcmds Info: \pdf@primitive is available.
Package pdftexcmds Info: \pdf@ifprimitive is available.
Package pdftexcmds Info: \pdfdraftmode found.
)
(/usr/local/texlive/2011/texmf-dist/tex/latex/oberdiek/epstopdf-base.sty
Package: epstopdf-base 2010/02/09 v2.5 Base part for package epstopdf

(/usr/local/texlive/2011/texmf-dist/tex/latex/oberdiek/grfext.sty
Package: grfext 2010/08/19 v1.1 Managing graphics extensions (HO)

(/usr/local/texlive/2011/texmf-dist/tex/generic/oberdiek/kvdefinekeys.sty
Package: kvdefinekeys 2011/04/07 v1.3 Defining keys (HO)
))
(/usr/local/texlive/2011/texmf-dist/tex/latex/oberdiek/kvoptions.sty
Package: kvoptions 2010/12/23 v3.10 Keyval support for LaTeX options (HO)

(/usr/local/texlive/2011/texmf-dist/tex/generic/oberdiek/kvsetkeys.sty
Package: kvsetkeys 2011/04/07 v1.13 Key value parser (HO)

(/usr/local/texlive/2011/texmf-dist/tex/generic/oberdiek/etexcmds.sty
Package: etexcmds 2011/02/16 v1.5 Prefix for e-TeX command names (HO)
Package etexcmds Info: Could not find \expanded.
(etexcmds)             That can mean that you are not using pdfTeX 1.50 or
(etexcmds)             that some package has redefined \expanded.
(etexcmds)             In the latter case, load this package earlier.
)))
Package grfext Info: Graphics extension search list:
(grfext)             [.png,.pdf,.jpg,.mps,.jpeg,.jbig2,.jb2,.PNG,.PDF,.JPG,.JPE
G,.JBIG2,.JB2,.eps]
(grfext)             \AppendGraphicsExtensions on input line 452.

(/usr/local/texlive/2011/texmf-dist/tex/latex/latexconfig/epstopdf-sys.cfg
File: epstopdf-sys.cfg 2010/07/13 v1.3 Configuration of (r)epstopdf for TeX Liv
e
))
Package caption Info: Begin \AtBeginDocument code.
Package caption3 Info: subfig package 1.2 or 1.3 is loaded.
LaTeX Info: Redefining \subref on input line 109.
Package caption Info: listings package is loaded.
Package caption Info: End \AtBeginDocument code.
\c@lstlisting=\count155

ABD: EveryShipout initializing macros [1

{/usr/local/texlive/2011/texmf-var/fonts/map/pdftex/updmap/pdftex.map}] (./repo
rt.toc [1

])
\tf@toc=\write4
\openout4 = `report.toc'.

 [2]
Chapter 1.
[3

] [4]
Chapter 2.
<figures/playstore.png, id=28, 641.39626pt x 530.98375pt>
File: figures/playstore.png Graphic file (type png)

<use figures/playstore.png>
Package pdftex.def Info: figures/playstore.png used on input line 134.
(pdftex.def)             Requested size: 250.95476pt x 207.7553pt.

<figures/user_review.png, id=29, 1041.8925pt x 213.79875pt>
File: figures/user_review.png Graphic file (type png)

<use figures/user_review.png>
Package pdftex.def Info: figures/user_review.png used on input line 143.
(pdftex.def)             Requested size: 334.60422pt x 68.66167pt.


LaTeX Warning: `!h' float specifier changed to `!ht'.

[5

 <./figures/playstore.png>]

LaTeX Warning: Citation `Turney2001' on page 6 undefined on input line 173.

[6 <./figures/user_review.png>]

Package xcolor Warning: Incompatible color definition on input line 178.


Package xcolor Warning: Incompatible color definition on input line 178.


Package xcolor Warning: Incompatible color definition on input line 178.


Package xcolor Warning: Incompatible color definition on input line 178.


Package xcolor Warning: Incompatible color definition on input line 178.


Package xcolor Warning: Incompatible color definition on input line 178.


Package xcolor Warning: Incompatible color definition on input line 178.


Package xcolor Warning: Incompatible color definition on input line 178.


Package xcolor Warning: Incompatible color definition on input line 178.


Package xcolor Warning: Incompatible color definition on input line 178.


Package xcolor Warning: Incompatible color definition on input line 178.


Package xcolor Warning: Incompatible color definition on input line 178.


Package xcolor Warning: Incompatible color definition on input line 178.


Package xcolor Warning: Incompatible color definition on input line 178.


Package xcolor Warning: Incompatible color definition on input line 178.


Package xcolor Warning: Incompatible color definition on input line 178.


Package xcolor Warning: Incompatible color definition on input line 178.


Package xcolor Warning: Incompatible color definition on input line 178.


Package xcolor Warning: Incompatible color definition on input line 178.


Package xcolor Warning: Incompatible color definition on input line 178.


Package xcolor Warning: Incompatible color definition on input line 178.


Package xcolor Warning: Incompatible color definition on input line 178.


Package xcolor Warning: Incompatible color definition on input line 178.


Package xcolor Warning: Incompatible color definition on input line 178.


Package xcolor Warning: Incompatible color definition on input line 178.


Package xcolor Warning: Incompatible color definition on input line 178.


Package xcolor Warning: Incompatible color definition on input line 178.


Package xcolor Warning: Incompatible color definition on input line 178.


Package xcolor Warning: Incompatible color definition on input line 178.


Package xcolor Warning: Incompatible color definition on input line 178.


Package xcolor Warning: Incompatible color definition on input line 178.


Package xcolor Warning: Incompatible color definition on input line 178.


Package xcolor Warning: Incompatible color definition on input line 178.


Package xcolor Warning: Incompatible color definition on input line 178.


Package xcolor Warning: Incompatible color definition on input line 178.


Package xcolor Warning: Incompatible color definition on input line 178.


Package xcolor Warning: Incompatible color definition on input line 178.


Package xcolor Warning: Incompatible color definition on input line 178.


Package xcolor Warning: Incompatible color definition on input line 178.


Package xcolor Warning: Incompatible color definition on input line 178.


Package xcolor Warning: Incompatible color definition on input line 178.


Package xcolor Warning: Incompatible color definition on input line 178.


Package xcolor Warning: Incompatible color definition on input line 178.


Package xcolor Warning: Incompatible color definition on input line 178.


Package xcolor Warning: Incompatible color definition on input line 178.


Package xcolor Warning: Incompatible color definition on input line 178.


Package xcolor Warning: Incompatible color definition on input line 178.


Package xcolor Warning: Incompatible color definition on input line 178.


Package xcolor Warning: Incompatible color definition on input line 178.


Package xcolor Warning: Incompatible color definition on input line 178.


Package xcolor Warning: Incompatible color definition on input line 178.


Package xcolor Warning: Incompatible color definition on input line 178.


Package xcolor Warning: Incompatible color definition on input line 180.


Package xcolor Warning: Incompatible color definition on input line 180.


Package xcolor Warning: Incompatible color definition on input line 180.


Package xcolor Warning: Incompatible color definition on input line 180.


Package xcolor Warning: Incompatible color definition on input line 180.


Package xcolor Warning: Incompatible color definition on input line 180.


Package xcolor Warning: Incompatible color definition on input line 180.


Package xcolor Warning: Incompatible color definition on input line 180.


Package xcolor Warning: Incompatible color definition on input line 180.


Package xcolor Warning: Incompatible color definition on input line 180.


Package xcolor Warning: Incompatible color definition on input line 180.


Package xcolor Warning: Incompatible color definition on input line 180.


Package xcolor Warning: Incompatible color definition on input line 180.


Package xcolor Warning: Incompatible color definition on input line 180.


Package xcolor Warning: Incompatible color definition on input line 180.


Package xcolor Warning: Incompatible color definition on input line 180.


Package xcolor Warning: Incompatible color definition on input line 180.


Package xcolor Warning: Incompatible color definition on input line 180.


Package xcolor Warning: Incompatible color definition on input line 180.


Package xcolor Warning: Incompatible color definition on input line 180.


Package xcolor Warning: Incompatible color definition on input line 180.


Package xcolor Warning: Incompatible color definition on input line 180.


Package xcolor Warning: Incompatible color definition on input line 180.


Package xcolor Warning: Incompatible color definition on input line 180.


Package xcolor Warning: Incompatible color definition on input line 180.


Package xcolor Warning: Incompatible color definition on input line 180.


Package xcolor Warning: Incompatible color definition on input line 180.


Package xcolor Warning: Incompatible color definition on input line 180.


Package xcolor Warning: Incompatible color definition on input line 180.


Package xcolor Warning: Incompatible color definition on input line 180.


Package xcolor Warning: Incompatible color definition on input line 180.


Package xcolor Warning: Incompatible color definition on input line 180.


Package xcolor Warning: Incompatible color definition on input line 180.


Package xcolor Warning: Incompatible color definition on input line 180.


Package xcolor Warning: Incompatible color definition on input line 180.


Package xcolor Warning: Incompatible color definition on input line 180.


LaTeX Warning: Citation `church1990' on page 7 undefined on input line 193.


LaTeX Warning: Citation `Vargas2010' on page 7 undefined on input line 198.

[7] [8] [9]

LaTeX Warning: Citation `harris1954' on page 10 undefined on input line 341.

[10]

LaTeX Warning: Citation `lewis1998naive' on page 11 undefined on input line 344
.


LaTeX Warning: Citation `mccallum1998comparison' on page 11 undefined on input 
line 344.


Package xcolor Warning: Incompatible color definition on input line 373.


Package xcolor Warning: Incompatible color definition on input line 373.


Package xcolor Warning: Incompatible color definition on input line 373.


Package xcolor Warning: Incompatible color definition on input line 373.


Package xcolor Warning: Incompatible color definition on input line 373.


Package xcolor Warning: Incompatible color definition on input line 373.


Package xcolor Warning: Incompatible color definition on input line 373.


Package xcolor Warning: Incompatible color definition on input line 373.


Package xcolor Warning: Incompatible color definition on input line 373.


Package xcolor Warning: Incompatible color definition on input line 373.


Package xcolor Warning: Incompatible color definition on input line 373.


Package xcolor Warning: Incompatible color definition on input line 373.


Package xcolor Warning: Incompatible color definition on input line 373.


Package xcolor Warning: Incompatible color definition on input line 373.


Package xcolor Warning: Incompatible color definition on input line 373.


Package xcolor Warning: Incompatible color definition on input line 373.


Package xcolor Warning: Incompatible color definition on input line 373.


Package xcolor Warning: Incompatible color definition on input line 373.


Package xcolor Warning: Incompatible color definition on input line 373.


Package xcolor Warning: Incompatible color definition on input line 373.


Package xcolor Warning: Incompatible color definition on input line 373.


Package xcolor Warning: Incompatible color definition on input line 373.


Package xcolor Warning: Incompatible color definition on input line 373.


Package xcolor Warning: Incompatible color definition on input line 373.


Package xcolor Warning: Incompatible color definition on input line 373.


Package xcolor Warning: Incompatible color definition on input line 373.


Package xcolor Warning: Incompatible color definition on input line 373.


Package xcolor Warning: Incompatible color definition on input line 373.


Package xcolor Warning: Incompatible color definition on input line 373.


Package xcolor Warning: Incompatible color definition on input line 373.


Package xcolor Warning: Incompatible color definition on input line 373.


Package xcolor Warning: Incompatible color definition on input line 373.


Package xcolor Warning: Incompatible color definition on input line 373.


Package xcolor Warning: Incompatible color definition on input line 373.


Package xcolor Warning: Incompatible color definition on input line 373.


Package xcolor Warning: Incompatible color definition on input line 373.


Package xcolor Warning: Incompatible color definition on input line 373.


Package xcolor Warning: Incompatible color definition on input line 373.


Package xcolor Warning: Incompatible color definition on input line 373.


Package xcolor Warning: Incompatible color definition on input line 373.


Package xcolor Warning: Incompatible color definition on input line 373.


Package xcolor Warning: Incompatible color definition on input line 373.


Package xcolor Warning: Incompatible color definition on input line 373.


Package xcolor Warning: Incompatible color definition on input line 373.


Package xcolor Warning: Incompatible color definition on input line 373.


Package xcolor Warning: Incompatible color definition on input line 373.


Package xcolor Warning: Incompatible color definition on input line 373.


Package xcolor Warning: Incompatible color definition on input line 373.


Package xcolor Warning: Incompatible color definition on input line 373.


Package xcolor Warning: Incompatible color definition on input line 373.


Package xcolor Warning: Incompatible color definition on input line 373.


Package xcolor Warning: Incompatible color definition on input line 373.


Package xcolor Warning: Incompatible color definition on input line 373.


Package xcolor Warning: Incompatible color definition on input line 373.


Package xcolor Warning: Incompatible color definition on input line 373.


Package xcolor Warning: Incompatible color definition on input line 373.


Package xcolor Warning: Incompatible color definition on input line 373.


Package xcolor Warning: Incompatible color definition on input line 373.


Package xcolor Warning: Incompatible color definition on input line 373.


Package xcolor Warning: Incompatible color definition on input line 373.


Package xcolor Warning: Incompatible color definition on input line 373.


Package xcolor Warning: Incompatible color definition on input line 373.


Package xcolor Warning: Incompatible color definition on input line 373.


Package xcolor Warning: Incompatible color definition on input line 373.


Package xcolor Warning: Incompatible color definition on input line 373.


Package xcolor Warning: Incompatible color definition on input line 373.


Package xcolor Warning: Incompatible color definition on input line 373.


Package xcolor Warning: Incompatible color definition on input line 373.


Package xcolor Warning: Incompatible color definition on input line 373.


Package xcolor Warning: Incompatible color definition on input line 373.


Package xcolor Warning: Incompatible color definition on input line 373.


Package xcolor Warning: Incompatible color definition on input line 373.


Package xcolor Warning: Incompatible color definition on input line 373.


Package xcolor Warning: Incompatible color definition on input line 373.


Package xcolor Warning: Incompatible color definition on input line 373.


Package xcolor Warning: Incompatible color definition on input line 373.


Package xcolor Warning: Incompatible color definition on input line 373.


Package xcolor Warning: Incompatible color definition on input line 373.


Package xcolor Warning: Incompatible color definition on input line 373.


Package xcolor Warning: Incompatible color definition on input line 373.


Package xcolor Warning: Incompatible color definition on input line 373.


Package xcolor Warning: Incompatible color definition on input line 373.


Package xcolor Warning: Incompatible color definition on input line 373.


Package xcolor Warning: Incompatible color definition on input line 373.


Package xcolor Warning: Incompatible color definition on input line 373.


Package xcolor Warning: Incompatible color definition on input line 373.


Package xcolor Warning: Incompatible color definition on input line 373.


Package xcolor Warning: Incompatible color definition on input line 373.


Package xcolor Warning: Incompatible color definition on input line 373.


Package xcolor Warning: Incompatible color definition on input line 373.


Package xcolor Warning: Incompatible color definition on input line 373.


Package xcolor Warning: Incompatible color definition on input line 373.


Package xcolor Warning: Incompatible color definition on input line 373.


Package xcolor Warning: Incompatible color definition on input line 373.


Package xcolor Warning: Incompatible color definition on input line 373.


Package xcolor Warning: Incompatible color definition on input line 373.


Package xcolor Warning: Incompatible color definition on input line 373.


Package xcolor Warning: Incompatible color definition on input line 373.


Package xcolor Warning: Incompatible color definition on input line 373.


Package xcolor Warning: Incompatible color definition on input line 373.


Package xcolor Warning: Incompatible color definition on input line 373.


Package xcolor Warning: Incompatible color definition on input line 373.


Package xcolor Warning: Incompatible color definition on input line 373.


Package xcolor Warning: Incompatible color definition on input line 373.


Package xcolor Warning: Incompatible color definition on input line 373.


Package xcolor Warning: Incompatible color definition on input line 373.


Package xcolor Warning: Incompatible color definition on input line 373.


Package xcolor Warning: Incompatible color definition on input line 373.


Package xcolor Warning: Incompatible color definition on input line 373.


Package xcolor Warning: Incompatible color definition on input line 373.


Package xcolor Warning: Incompatible color definition on input line 373.


Package xcolor Warning: Incompatible color definition on input line 373.


Package xcolor Warning: Incompatible color definition on input line 373.


Package xcolor Warning: Incompatible color definition on input line 373.


Package xcolor Warning: Incompatible color definition on input line 373.


Package xcolor Warning: Incompatible color definition on input line 373.


Package xcolor Warning: Incompatible color definition on input line 373.


Package xcolor Warning: Incompatible color definition on input line 373.


Package xcolor Warning: Incompatible color definition on input line 373.


Package xcolor Warning: Incompatible color definition on input line 373.


Package xcolor Warning: Incompatible color definition on input line 373.


Package xcolor Warning: Incompatible color definition on input line 373.


Package xcolor Warning: Incompatible color definition on input line 373.


Package xcolor Warning: Incompatible color definition on input line 373.


Package xcolor Warning: Incompatible color definition on input line 373.


Package xcolor Warning: Incompatible color definition on input line 373.


Package xcolor Warning: Incompatible color definition on input line 373.


Package xcolor Warning: Incompatible color definition on input line 373.


Package xcolor Warning: Incompatible color definition on input line 373.


Package xcolor Warning: Incompatible color definition on input line 373.


Package xcolor Warning: Incompatible color definition on input line 373.


Package xcolor Warning: Incompatible color definition on input line 373.


Package xcolor Warning: Incompatible color definition on input line 373.


Package xcolor Warning: Incompatible color definition on input line 373.


Package xcolor Warning: Incompatible color definition on input line 376.


Package xcolor Warning: Incompatible color definition on input line 376.


Package xcolor Warning: Incompatible color definition on input line 376.


Package xcolor Warning: Incompatible color definition on input line 376.


Package xcolor Warning: Incompatible color definition on input line 376.


Package xcolor Warning: Incompatible color definition on input line 376.


Package xcolor Warning: Incompatible color definition on input line 376.


Package xcolor Warning: Incompatible color definition on input line 376.


Package xcolor Warning: Incompatible color definition on input line 376.


Package xcolor Warning: Incompatible color definition on input line 376.


Package xcolor Warning: Incompatible color definition on input line 376.


Package xcolor Warning: Incompatible color definition on input line 376.


Package xcolor Warning: Incompatible color definition on input line 376.


Package xcolor Warning: Incompatible color definition on input line 376.


Package xcolor Warning: Incompatible color definition on input line 376.


Package xcolor Warning: Incompatible color definition on input line 376.


Package xcolor Warning: Incompatible color definition on input line 376.


Package xcolor Warning: Incompatible color definition on input line 376.


Package xcolor Warning: Incompatible color definition on input line 376.


Package xcolor Warning: Incompatible color definition on input line 376.


Package xcolor Warning: Incompatible color definition on input line 376.


Package xcolor Warning: Incompatible color definition on input line 376.


Package xcolor Warning: Incompatible color definition on input line 376.


Package xcolor Warning: Incompatible color definition on input line 376.


Package xcolor Warning: Incompatible color definition on input line 376.


Package xcolor Warning: Incompatible color definition on input line 376.


Package xcolor Warning: Incompatible color definition on input line 376.


Package xcolor Warning: Incompatible color definition on input line 376.


Package xcolor Warning: Incompatible color definition on input line 376.


Package xcolor Warning: Incompatible color definition on input line 376.


Package xcolor Warning: Incompatible color definition on input line 376.


Package xcolor Warning: Incompatible color definition on input line 376.


Package xcolor Warning: Incompatible color definition on input line 376.


Package xcolor Warning: Incompatible color definition on input line 376.


Package xcolor Warning: Incompatible color definition on input line 376.


Package xcolor Warning: Incompatible color definition on input line 376.


Package xcolor Warning: Incompatible color definition on input line 376.


Package xcolor Warning: Incompatible color definition on input line 376.


Package xcolor Warning: Incompatible color definition on input line 376.


Package xcolor Warning: Incompatible color definition on input line 376.


Package xcolor Warning: Incompatible color definition on input line 376.


Package xcolor Warning: Incompatible color definition on input line 376.


Package xcolor Warning: Incompatible color definition on input line 376.


Package xcolor Warning: Incompatible color definition on input line 376.


Package xcolor Warning: Incompatible color definition on input line 376.


Package xcolor Warning: Incompatible color definition on input line 376.


Package xcolor Warning: Incompatible color definition on input line 376.


Package xcolor Warning: Incompatible color definition on input line 376.


Package xcolor Warning: Incompatible color definition on input line 376.


Package xcolor Warning: Incompatible color definition on input line 376.


Package xcolor Warning: Incompatible color definition on input line 376.


Package xcolor Warning: Incompatible color definition on input line 376.


Package xcolor Warning: Incompatible color definition on input line 376.


Package xcolor Warning: Incompatible color definition on input line 376.


Package xcolor Warning: Incompatible color definition on input line 376.


Package xcolor Warning: Incompatible color definition on input line 376.


Package xcolor Warning: Incompatible color definition on input line 376.


Package xcolor Warning: Incompatible color definition on input line 376.


Package xcolor Warning: Incompatible color definition on input line 376.


Package xcolor Warning: Incompatible color definition on input line 376.


Package xcolor Warning: Incompatible color definition on input line 376.


Package xcolor Warning: Incompatible color definition on input line 376.


Package xcolor Warning: Incompatible color definition on input line 376.


Package xcolor Warning: Incompatible color definition on input line 376.


Package xcolor Warning: Incompatible color definition on input line 376.


Package xcolor Warning: Incompatible color definition on input line 376.


Package xcolor Warning: Incompatible color definition on input line 376.


Package xcolor Warning: Incompatible color definition on input line 376.


Package xcolor Warning: Incompatible color definition on input line 376.


Package xcolor Warning: Incompatible color definition on input line 376.


Package xcolor Warning: Incompatible color definition on input line 376.


Package xcolor Warning: Incompatible color definition on input line 376.


Package xcolor Warning: Incompatible color definition on input line 376.


Package xcolor Warning: Incompatible color definition on input line 376.


Package xcolor Warning: Incompatible color definition on input line 376.


Package xcolor Warning: Incompatible color definition on input line 376.


Package xcolor Warning: Incompatible color definition on input line 376.


Package xcolor Warning: Incompatible color definition on input line 376.


Package xcolor Warning: Incompatible color definition on input line 376.


Package xcolor Warning: Incompatible color definition on input line 376.


Package xcolor Warning: Incompatible color definition on input line 376.


Package xcolor Warning: Incompatible color definition on input line 376.


Package xcolor Warning: Incompatible color definition on input line 376.


Package xcolor Warning: Incompatible color definition on input line 376.


Package xcolor Warning: Incompatible color definition on input line 376.


Package xcolor Warning: Incompatible color definition on input line 376.


Package xcolor Warning: Incompatible color definition on input line 376.


Package xcolor Warning: Incompatible color definition on input line 376.


Package xcolor Warning: Incompatible color definition on input line 376.


Package xcolor Warning: Incompatible color definition on input line 376.


Package xcolor Warning: Incompatible color definition on input line 376.


Package xcolor Warning: Incompatible color definition on input line 376.


Package xcolor Warning: Incompatible color definition on input line 376.


Package xcolor Warning: Incompatible color definition on input line 376.


Package xcolor Warning: Incompatible color definition on input line 376.


Package xcolor Warning: Incompatible color definition on input line 376.


Package xcolor Warning: Incompatible color definition on input line 376.


Package xcolor Warning: Incompatible color definition on input line 376.


Package xcolor Warning: Incompatible color definition on input line 376.


Package xcolor Warning: Incompatible color definition on input line 376.


Package xcolor Warning: Incompatible color definition on input line 376.


Package xcolor Warning: Incompatible color definition on input line 376.


Package xcolor Warning: Incompatible color definition on input line 376.


Package xcolor Warning: Incompatible color definition on input line 376.


Package xcolor Warning: Incompatible color definition on input line 376.


Package xcolor Warning: Incompatible color definition on input line 376.


Package xcolor Warning: Incompatible color definition on input line 376.


Package xcolor Warning: Incompatible color definition on input line 376.


Package xcolor Warning: Incompatible color definition on input line 376.


Package xcolor Warning: Incompatible color definition on input line 376.


Package xcolor Warning: Incompatible color definition on input line 376.


Package xcolor Warning: Incompatible color definition on input line 376.


Package xcolor Warning: Incompatible color definition on input line 376.


Package xcolor Warning: Incompatible color definition on input line 376.


Package xcolor Warning: Incompatible color definition on input line 376.


Package xcolor Warning: Incompatible color definition on input line 376.


Package xcolor Warning: Incompatible color definition on input line 376.


Package xcolor Warning: Incompatible color definition on input line 376.


Package xcolor Warning: Incompatible color definition on input line 376.


Package xcolor Warning: Incompatible color definition on input line 376.


Package xcolor Warning: Incompatible color definition on input line 376.


Package xcolor Warning: Incompatible color definition on input line 376.


Package xcolor Warning: Incompatible color definition on input line 376.


Package xcolor Warning: Incompatible color definition on input line 376.


Package xcolor Warning: Incompatible color definition on input line 376.


Package xcolor Warning: Incompatible color definition on input line 376.


Package xcolor Warning: Incompatible color definition on input line 376.


Package xcolor Warning: Incompatible color definition on input line 376.


Package xcolor Warning: Incompatible color definition on input line 376.


Package xcolor Warning: Incompatible color definition on input line 376.


Package xcolor Warning: Incompatible color definition on input line 376.


Package xcolor Warning: Incompatible color definition on input line 376.


Package xcolor Warning: Incompatible color definition on input line 376.


Package xcolor Warning: Incompatible color definition on input line 376.


Package xcolor Warning: Incompatible color definition on input line 376.


Package xcolor Warning: Incompatible color definition on input line 376.


Package xcolor Warning: Incompatible color definition on input line 376.


Package xcolor Warning: Incompatible color definition on input line 376.


Package xcolor Warning: Incompatible color definition on input line 376.


Package xcolor Warning: Incompatible color definition on input line 376.


Package xcolor Warning: Incompatible color definition on input line 376.


Package xcolor Warning: Incompatible color definition on input line 376.


Package xcolor Warning: Incompatible color definition on input line 376.


Package xcolor Warning: Incompatible color definition on input line 376.


Package xcolor Warning: Incompatible color definition on input line 376.


Package xcolor Warning: Incompatible color definition on input line 376.


Package xcolor Warning: Incompatible color definition on input line 376.


Package xcolor Warning: Incompatible color definition on input line 376.


Package xcolor Warning: Incompatible color definition on input line 376.


Package xcolor Warning: Incompatible color definition on input line 376.


Package xcolor Warning: Incompatible color definition on input line 376.


Package xcolor Warning: Incompatible color definition on input line 376.


Package xcolor Warning: Incompatible color definition on input line 376.


Package xcolor Warning: Incompatible color definition on input line 376.


Package xcolor Warning: Incompatible color definition on input line 376.


Package xcolor Warning: Incompatible color definition on input line 376.


Package xcolor Warning: Incompatible color definition on input line 376.


Package xcolor Warning: Incompatible color definition on input line 376.


Package xcolor Warning: Incompatible color definition on input line 376.


Package xcolor Warning: Incompatible color definition on input line 376.


Package xcolor Warning: Incompatible color definition on input line 376.


Package xcolor Warning: Incompatible color definition on input line 376.


Package xcolor Warning: Incompatible color definition on input line 376.


Package xcolor Warning: Incompatible color definition on input line 376.


Package xcolor Warning: Incompatible color definition on input line 376.


Package xcolor Warning: Incompatible color definition on input line 376.


Package xcolor Warning: Incompatible color definition on input line 376.


Package xcolor Warning: Incompatible color definition on input line 376.


Package xcolor Warning: Incompatible color definition on input line 376.


Package xcolor Warning: Incompatible color definition on input line 376.


Package xcolor Warning: Incompatible color definition on input line 376.


Package xcolor Warning: Incompatible color definition on input line 376.


Package xcolor Warning: Incompatible color definition on input line 376.


Package xcolor Warning: Incompatible color definition on input line 376.


Package xcolor Warning: Incompatible color definition on input line 376.


Package xcolor Warning: Incompatible color definition on input line 376.


Package xcolor Warning: Incompatible color definition on input line 376.


Package xcolor Warning: Incompatible color definition on input line 376.


Package xcolor Warning: Incompatible color definition on input line 376.


Package xcolor Warning: Incompatible color definition on input line 376.


Package xcolor Warning: Incompatible color definition on input line 376.


Package xcolor Warning: Incompatible color definition on input line 376.


Package xcolor Warning: Incompatible color definition on input line 376.


Package xcolor Warning: Incompatible color definition on input line 376.


Package xcolor Warning: Incompatible color definition on input line 376.


Package xcolor Warning: Incompatible color definition on input line 376.


Package xcolor Warning: Incompatible color definition on input line 376.


Package xcolor Warning: Incompatible color definition on input line 376.


Package xcolor Warning: Incompatible color definition on input line 376.


Package xcolor Warning: Incompatible color definition on input line 376.


Package xcolor Warning: Incompatible color definition on input line 376.


Package xcolor Warning: Incompatible color definition on input line 376.


Package xcolor Warning: Incompatible color definition on input line 376.


Package xcolor Warning: Incompatible color definition on input line 376.


Package xcolor Warning: Incompatible color definition on input line 376.


Package xcolor Warning: Incompatible color definition on input line 376.


Package xcolor Warning: Incompatible color definition on input line 376.


Package xcolor Warning: Incompatible color definition on input line 376.


Package xcolor Warning: Incompatible color definition on input line 376.


Package xcolor Warning: Incompatible color definition on input line 376.


Package xcolor Warning: Incompatible color definition on input line 376.


Package xcolor Warning: Incompatible color definition on input line 376.


Package xcolor Warning: Incompatible color definition on input line 376.


Package xcolor Warning: Incompatible color definition on input line 376.


Package xcolor Warning: Incompatible color definition on input line 376.


Package xcolor Warning: Incompatible color definition on input line 379.


Package xcolor Warning: Incompatible color definition on input line 379.


Package xcolor Warning: Incompatible color definition on input line 379.


Package xcolor Warning: Incompatible color definition on input line 379.


Package xcolor Warning: Incompatible color definition on input line 379.


Package xcolor Warning: Incompatible color definition on input line 379.


Package xcolor Warning: Incompatible color definition on input line 379.


Package xcolor Warning: Incompatible color definition on input line 379.


Package xcolor Warning: Incompatible color definition on input line 379.


Package xcolor Warning: Incompatible color definition on input line 379.


Package xcolor Warning: Incompatible color definition on input line 379.


Package xcolor Warning: Incompatible color definition on input line 379.


Package xcolor Warning: Incompatible color definition on input line 379.


Package xcolor Warning: Incompatible color definition on input line 379.


Package xcolor Warning: Incompatible color definition on input line 379.


Package xcolor Warning: Incompatible color definition on input line 379.


Package xcolor Warning: Incompatible color definition on input line 379.


Package xcolor Warning: Incompatible color definition on input line 379.


Package xcolor Warning: Incompatible color definition on input line 379.


Package xcolor Warning: Incompatible color definition on input line 379.


Package xcolor Warning: Incompatible color definition on input line 379.


Package xcolor Warning: Incompatible color definition on input line 379.


Package xcolor Warning: Incompatible color definition on input line 379.


Package xcolor Warning: Incompatible color definition on input line 379.


Package xcolor Warning: Incompatible color definition on input line 379.


Package xcolor Warning: Incompatible color definition on input line 379.


Package xcolor Warning: Incompatible color definition on input line 379.


Package xcolor Warning: Incompatible color definition on input line 379.


Package xcolor Warning: Incompatible color definition on input line 379.


Package xcolor Warning: Incompatible color definition on input line 379.


Package xcolor Warning: Incompatible color definition on input line 379.


Package xcolor Warning: Incompatible color definition on input line 379.


Package xcolor Warning: Incompatible color definition on input line 379.


Package xcolor Warning: Incompatible color definition on input line 379.


Package xcolor Warning: Incompatible color definition on input line 379.


Package xcolor Warning: Incompatible color definition on input line 379.


Package xcolor Warning: Incompatible color definition on input line 379.


Package xcolor Warning: Incompatible color definition on input line 379.


Package xcolor Warning: Incompatible color definition on input line 379.


Package xcolor Warning: Incompatible color definition on input line 379.


Package xcolor Warning: Incompatible color definition on input line 379.


Package xcolor Warning: Incompatible color definition on input line 379.


Package xcolor Warning: Incompatible color definition on input line 379.


Package xcolor Warning: Incompatible color definition on input line 379.


Package xcolor Warning: Incompatible color definition on input line 379.


Package xcolor Warning: Incompatible color definition on input line 379.


Package xcolor Warning: Incompatible color definition on input line 379.


Package xcolor Warning: Incompatible color definition on input line 379.


Package xcolor Warning: Incompatible color definition on input line 379.


Package xcolor Warning: Incompatible color definition on input line 379.


Package xcolor Warning: Incompatible color definition on input line 379.


Package xcolor Warning: Incompatible color definition on input line 379.


Package xcolor Warning: Incompatible color definition on input line 379.


Package xcolor Warning: Incompatible color definition on input line 379.


Package xcolor Warning: Incompatible color definition on input line 379.


Package xcolor Warning: Incompatible color definition on input line 379.


Package xcolor Warning: Incompatible color definition on input line 379.


Package xcolor Warning: Incompatible color definition on input line 379.


Package xcolor Warning: Incompatible color definition on input line 379.


Package xcolor Warning: Incompatible color definition on input line 379.


Package xcolor Warning: Incompatible color definition on input line 379.


Package xcolor Warning: Incompatible color definition on input line 379.


Package xcolor Warning: Incompatible color definition on input line 379.


Package xcolor Warning: Incompatible color definition on input line 379.


Package xcolor Warning: Incompatible color definition on input line 379.


Package xcolor Warning: Incompatible color definition on input line 379.


Package xcolor Warning: Incompatible color definition on input line 379.


Package xcolor Warning: Incompatible color definition on input line 379.


Package xcolor Warning: Incompatible color definition on input line 379.


Package xcolor Warning: Incompatible color definition on input line 379.


Package xcolor Warning: Incompatible color definition on input line 379.


Package xcolor Warning: Incompatible color definition on input line 379.


Package xcolor Warning: Incompatible color definition on input line 379.


Package xcolor Warning: Incompatible color definition on input line 379.


Package xcolor Warning: Incompatible color definition on input line 379.


Package xcolor Warning: Incompatible color definition on input line 379.


Package xcolor Warning: Incompatible color definition on input line 379.


Package xcolor Warning: Incompatible color definition on input line 379.


Package xcolor Warning: Incompatible color definition on input line 379.


Package xcolor Warning: Incompatible color definition on input line 379.


Package xcolor Warning: Incompatible color definition on input line 379.


Package xcolor Warning: Incompatible color definition on input line 379.


Package xcolor Warning: Incompatible color definition on input line 379.


Package xcolor Warning: Incompatible color definition on input line 379.


Package xcolor Warning: Incompatible color definition on input line 379.


Package xcolor Warning: Incompatible color definition on input line 379.


Package xcolor Warning: Incompatible color definition on input line 379.


Package xcolor Warning: Incompatible color definition on input line 379.


Package xcolor Warning: Incompatible color definition on input line 379.


Package xcolor Warning: Incompatible color definition on input line 379.


Package xcolor Warning: Incompatible color definition on input line 379.


Package xcolor Warning: Incompatible color definition on input line 379.


Package xcolor Warning: Incompatible color definition on input line 379.


Package xcolor Warning: Incompatible color definition on input line 379.


Package xcolor Warning: Incompatible color definition on input line 379.


Package xcolor Warning: Incompatible color definition on input line 379.


Package xcolor Warning: Incompatible color definition on input line 379.


Package xcolor Warning: Incompatible color definition on input line 379.


Package xcolor Warning: Incompatible color definition on input line 379.


Package xcolor Warning: Incompatible color definition on input line 379.


Package xcolor Warning: Incompatible color definition on input line 379.


Package xcolor Warning: Incompatible color definition on input line 379.


Package xcolor Warning: Incompatible color definition on input line 379.


Package xcolor Warning: Incompatible color definition on input line 379.


Package xcolor Warning: Incompatible color definition on input line 379.


Package xcolor Warning: Incompatible color definition on input line 379.


Package xcolor Warning: Incompatible color definition on input line 379.


Package xcolor Warning: Incompatible color definition on input line 379.


Package xcolor Warning: Incompatible color definition on input line 379.


Package xcolor Warning: Incompatible color definition on input line 379.


Package xcolor Warning: Incompatible color definition on input line 379.


Package xcolor Warning: Incompatible color definition on input line 379.


Package xcolor Warning: Incompatible color definition on input line 379.


Package xcolor Warning: Incompatible color definition on input line 379.


Package xcolor Warning: Incompatible color definition on input line 379.


Package xcolor Warning: Incompatible color definition on input line 379.


Package xcolor Warning: Incompatible color definition on input line 379.


Package xcolor Warning: Incompatible color definition on input line 379.


Package xcolor Warning: Incompatible color definition on input line 379.


Package xcolor Warning: Incompatible color definition on input line 379.


Package xcolor Warning: Incompatible color definition on input line 379.


Package xcolor Warning: Incompatible color definition on input line 379.


Package xcolor Warning: Incompatible color definition on input line 379.


Package xcolor Warning: Incompatible color definition on input line 379.


Package xcolor Warning: Incompatible color definition on input line 379.


Package xcolor Warning: Incompatible color definition on input line 379.


Package xcolor Warning: Incompatible color definition on input line 379.


Package xcolor Warning: Incompatible color definition on input line 379.


Package xcolor Warning: Incompatible color definition on input line 379.


Package xcolor Warning: Incompatible color definition on input line 379.


Package xcolor Warning: Incompatible color definition on input line 379.


Package xcolor Warning: Incompatible color definition on input line 379.


Package xcolor Warning: Incompatible color definition on input line 379.


Package xcolor Warning: Incompatible color definition on input line 379.


Package xcolor Warning: Incompatible color definition on input line 379.


Package xcolor Warning: Incompatible color definition on input line 379.


Package xcolor Warning: Incompatible color definition on input line 379.


Package xcolor Warning: Incompatible color definition on input line 379.


Package xcolor Warning: Incompatible color definition on input line 379.


Package xcolor Warning: Incompatible color definition on input line 379.


Package xcolor Warning: Incompatible color definition on input line 379.


Package xcolor Warning: Incompatible color definition on input line 379.


Package xcolor Warning: Incompatible color definition on input line 379.


Package xcolor Warning: Incompatible color definition on input line 379.


Package xcolor Warning: Incompatible color definition on input line 379.


Package xcolor Warning: Incompatible color definition on input line 379.


Package xcolor Warning: Incompatible color definition on input line 379.


Package xcolor Warning: Incompatible color definition on input line 379.


Package xcolor Warning: Incompatible color definition on input line 379.


Package xcolor Warning: Incompatible color definition on input line 379.


Package xcolor Warning: Incompatible color definition on input line 379.


Package xcolor Warning: Incompatible color definition on input line 379.


Package xcolor Warning: Incompatible color definition on input line 379.


Package xcolor Warning: Incompatible color definition on input line 379.


Package xcolor Warning: Incompatible color definition on input line 382.


Package xcolor Warning: Incompatible color definition on input line 382.


Package xcolor Warning: Incompatible color definition on input line 382.


LaTeX Warning: `!h' float specifier changed to `!ht'.


LaTeX Warning: Citation `ruiz2002hierarchical' on page 11 undefined on input li
ne 390.


LaTeX Warning: Citation `sun2001hierarchical' on page 11 undefined on input lin
e 390.

[11]
Overfull \vbox (6.51297pt too high) has occurred while \output is active []


[12]

LaTeX Warning: Citation `mullen2004sentiment' on page 13 undefined on input lin
e 444.


LaTeX Warning: Citation `gamon2004sentiment' on page 13 undefined on input line
 444.

[13] [14]
Chapter 3.
[15

] [16] [17]
Chapter 4.
<data/pmi-free.pdf, id=80, 361.35pt x 216.81pt>
File: data/pmi-free.pdf Graphic file (type pdf)
 <use data/pmi-free.pdf>
Package pdftex.def Info: data/pmi-free.pdf used on input line 519.
(pdftex.def)             Requested size: 334.60422pt x 200.76445pt.

[18

 <./data/pmi-free.pdf>] <data/pmi-cd-free.pdf, id=94, 361.35pt x 216.81pt>
File: data/pmi-cd-free.pdf Graphic file (type pdf)

<use data/pmi-cd-free.pdf>
Package pdftex.def Info: data/pmi-cd-free.pdf used on input line 532.
(pdftex.def)             Requested size: 334.60422pt x 200.76445pt.
 <data/pmi-cd-paid.pdf, id=95, 361.35pt x 216.81pt>
File: data/pmi-cd-paid.pdf Graphic file (type pdf)

<use data/pmi-cd-paid.pdf>
Package pdftex.def Info: data/pmi-cd-paid.pdf used on input line 543.
(pdftex.def)             Requested size: 334.60422pt x 200.76445pt.
 [19 <./data/pmi-cd-free.pdf>]
<data/dist_corpora.png, id=108, 455.301pt x 317.0244pt>
File: data/dist_corpora.png Graphic file (type png)

<use data/dist_corpora.png>
Package pdftex.def Info: data/dist_corpora.png used on input line 556.
(pdftex.def)             Requested size: 334.60422pt x 232.9932pt.
 [20 <./data/pmi-cd-paid.pdf>]
<data/pmi-cue-free-pol-acc.png, id=122, 651.8754pt x 374.8404pt>
File: data/pmi-cue-free-pol-acc.png Graphic file (type png)

<use data/pmi-cue-free-pol-acc.png>
Package pdftex.def Info: data/pmi-cue-free-pol-acc.png used on input line 565.
(pdftex.def)             Requested size: 334.60422pt x 192.40723pt.
 [21 <./data/dist_corpora.png>]
<data/pmi-cue-paid-pol-acc.png, id=127, 574.3056pt x 327.1422pt>
File: data/pmi-cue-paid-pol-acc.png Graphic file (type png)

<use data/pmi-cue-paid-pol-acc.png>
Package pdftex.def Info: data/pmi-cue-paid-pol-acc.png used on input line 572.
(pdftex.def)             Requested size: 334.60422pt x 190.60617pt.
 [22 <./data/pmi-cue-free-pol-acc.png> <./data/pmi-cue-paid-pol-acc.png>]
<data/pmi-cue-accuracy.png, id=133, 362.7954pt x 217.7736pt>
File: data/pmi-cue-accuracy.png Graphic file (type png)

<use data/pmi-cue-accuracy.png>
Package pdftex.def Info: data/pmi-cue-accuracy.png used on input line 585.
(pdftex.def)             Requested size: 334.60422pt x 200.8559pt.

Overfull \hbox (16.77519pt too wide) in paragraph at lines 594--595
\OT1/cmr/m/n/10.95 Below are the re-sults for the free ap-pli-ca-tions af-ter t
rain-ing the thresh-olds us-ing SVMs. 
 []

[23 <./data/pmi-cue-accuracy.png>]
Overfull \hbox (41.64134pt too wide) in paragraph at lines 598--598
[]\OT1/cmtt/m/n/10.95 ---------------------------------------------------------
-----------------------[] 
 []


Overfull \hbox (41.64134pt too wide) in paragraph at lines 630--630
[]\OT1/cmtt/m/n/10.95 ---------------------------------------------------------
-----------------------[] 
 []

[24]
Chapter 5.

LaTeX Warning: Citation `Turney2001' on page 25 undefined on input line 636.

[25

]
Chapter 6.
[26

]
Appendix A.
No file report.bbl.
[27

] (./report.aux)

LaTeX Warning: There were undefined references.

 ) 
Here is how much of TeX's memory you used:
 17645 strings out of 493633
 331343 string characters out of 3143378
 722103 words of memory out of 3000000
 20560 multiletter control sequences out of 15000+200000
 15585 words of font info for 55 fonts, out of 3000000 for 9000
 831 hyphenation exceptions out of 8191
 56i,12n,56p,1234b,1247s stack positions out of 5000i,500n,10000p,200000b,50000s
</usr/local/texlive/2011/texmf-dist/fonts/type1/public/amsfonts/cm/cmbx10.pfb
></usr/local/texlive/2011/texmf-dist/fonts/type1/public/amsfonts/cm/cmbxti10.pf
b></usr/local/texlive/2011/texmf-dist/fonts/type1/public/amsfonts/cm/cmex10.pfb
></usr/local/texlive/2011/texmf-dist/fonts/type1/public/amsfonts/cm/cmmi10.pfb>
</usr/local/texlive/2011/texmf-dist/fonts/type1/public/amsfonts/cm/cmmi8.pfb></
usr/local/texlive/2011/texmf-dist/fonts/type1/public/amsfonts/cm/cmr10.pfb></us
r/local/texlive/2011/texmf-dist/fonts/type1/public/amsfonts/cm/cmr12.pfb></usr/
local/texlive/2011/texmf-dist/fonts/type1/public/amsfonts/cm/cmr17.pfb></usr/lo
cal/texlive/2011/texmf-dist/fonts/type1/public/amsfonts/cm/cmr8.pfb></usr/local
/texlive/2011/texmf-dist/fonts/type1/public/amsfonts/cm/cmss10.pfb></usr/local/
texlive/2011/texmf-dist/fonts/type1/public/amsfonts/cm/cmss12.pfb></usr/local/t
exlive/2011/texmf-dist/fonts/type1/public/amsfonts/cm/cmss17.pfb></usr/local/te
xlive/2011/texmf-dist/fonts/type1/public/amsfonts/cm/cmsy10.pfb></usr/local/tex
live/2011/texmf-dist/fonts/type1/public/amsfonts/cm/cmti10.pfb></usr/local/texl
ive/2011/texmf-dist/fonts/type1/public/amsfonts/cm/cmtt10.pfb></usr/local/texli
ve/2011/texmf-dist/fonts/type1/public/amsfonts/cm/cmtt12.pfb>
Output written on report.pdf (28 pages, 813090 bytes).
PDF statistics:
 203 PDF objects out of 1000 (max. 8388607)
 136 compressed objects within 2 object streams
 0 named destinations out of 1000 (max. 500000)
 58 words of extra memory for PDF output out of 10000 (max. 10000000)

